  Application.cpp
  Box.cpp
D:\kadai\AsoBase\BaseProject\AsoBase\AsoBase\Box.cpp(150,15): warning C4244: '初期化中': 'int' から 'float' への変換です。データが失われる可能性があります。
D:\kadai\AsoBase\BaseProject\AsoBase\AsoBase\Box.cpp(151,15): warning C4244: '初期化中': 'int' から 'float' への変換です。データが失われる可能性があります。
D:\kadai\AsoBase\BaseProject\AsoBase\AsoBase\Box.cpp(157,24): warning C4244: '引数': 'float' から 'int' への変換です。データが失われる可能性があります。
D:\kadai\AsoBase\BaseProject\AsoBase\AsoBase\Box.cpp(157,19): warning C4244: '引数': 'float' から 'int' への変換です。データが失われる可能性があります。
D:\kadai\AsoBase\BaseProject\AsoBase\AsoBase\Box.cpp(157,14): warning C4244: '引数': 'float' から 'int' への変換です。データが失われる可能性があります。
D:\kadai\AsoBase\BaseProject\AsoBase\AsoBase\Box.cpp(189,15): warning C4244: '初期化中': 'int' から 'float' への変換です。データが失われる可能性があります。
D:\kadai\AsoBase\BaseProject\AsoBase\AsoBase\Box.cpp(190,15): warning C4244: '初期化中': 'int' から 'float' への変換です。データが失われる可能性があります。
D:\kadai\AsoBase\BaseProject\AsoBase\AsoBase\Box.cpp(199,24): warning C4244: '引数': 'float' から 'int' への変換です。データが失われる可能性があります。
D:\kadai\AsoBase\BaseProject\AsoBase\AsoBase\Box.cpp(199,19): warning C4244: '引数': 'float' から 'int' への変換です。データが失われる可能性があります。
D:\kadai\AsoBase\BaseProject\AsoBase\AsoBase\Box.cpp(199,14): warning C4244: '引数': 'float' から 'int' への変換です。データが失われる可能性があります。
  Fader.cpp
  GameCommon.cpp
  GameoverScene.cpp
  GameScene.cpp
D:\kadai\AsoBase\BaseProject\AsoBase\AsoBase\Utility.h(11,2): warning C4091: 'static ': 変数が何も宣言されていないときは、'Utility' の左辺を無視します。
D:\kadai\AsoBase\BaseProject\AsoBase\AsoBase\GameScene.cpp(55,29): warning C4244: '引数': 'int' から 'float' への変換です。データが失われる可能性があります。
D:\kadai\AsoBase\BaseProject\AsoBase\AsoBase\GameScene.cpp(114,26): warning C4267: '初期化中': 'size_t' から 'int' に変換しました。データが失われているかもしれません。
D:\kadai\AsoBase\BaseProject\AsoBase\AsoBase\GameScene.cpp(119,30): warning C4267: '初期化中': 'size_t' から 'int' に変換しました。データが失われているかもしれません。
D:\kadai\AsoBase\BaseProject\AsoBase\AsoBase\GameScene.cpp(154,22): warning C4267: '=': 'size_t' から 'int' に変換しました。データが失われているかもしれません。
D:\kadai\AsoBase\BaseProject\AsoBase\AsoBase\GameScene.cpp(245,30): warning C4267: '初期化中': 'size_t' から 'int' に変換しました。データが失われているかもしれません。
D:\kadai\AsoBase\BaseProject\AsoBase\AsoBase\GameScene.cpp(253,26): warning C4267: '初期化中': 'size_t' から 'int' に変換しました。データが失われているかもしれません。
D:\kadai\AsoBase\BaseProject\AsoBase\AsoBase\GameScene.cpp(327,26): warning C4267: '初期化中': 'size_t' から 'int' に変換しました。データが失われているかもしれません。
D:\kadai\AsoBase\BaseProject\AsoBase\AsoBase\GameScene.cpp(335,30): warning C4267: '初期化中': 'size_t' から 'int' に変換しました。データが失われているかもしれません。
D:\kadai\AsoBase\BaseProject\AsoBase\AsoBase\GameScene.cpp(364,26): warning C4267: '初期化中': 'size_t' から 'int' に変換しました。データが失われているかもしれません。
D:\kadai\AsoBase\BaseProject\AsoBase\AsoBase\GameScene.cpp(385,29): warning C4267: '初期化中': 'size_t' から 'int' に変換しました。データが失われているかもしれません。
  KeyCheck.cpp
D:\kadai\AsoBase\BaseProject\AsoBase\AsoBase\KeyCheck.cpp(65,41): warning C4804: '~': 演算中の 'bool' 型の使用方法が安全ではありません
D:\kadai\AsoBase\BaseProject\AsoBase\AsoBase\KeyCheck.cpp(65,41): warning C4805: '&': 演算中の 'bool' 型と 'int' 型の混用は安全ではありません
D:\kadai\AsoBase\BaseProject\AsoBase\AsoBase\KeyCheck.cpp(66,28): warning C4804: '~': 演算中の 'bool' 型の使用方法が安全ではありません
D:\kadai\AsoBase\BaseProject\AsoBase\AsoBase\KeyCheck.cpp(66,39): warning C4805: '&': 演算中の 'int' 型と 'bool' 型の混用は安全ではありません
  main.cpp
  PopupUIBase.cpp
  SceneBase.cpp
  SceneManager.cpp
D:\kadai\AsoBase\BaseProject\AsoBase\AsoBase\SceneManager.cpp(23,27): warning C4244: '=': 'ULONGLONG' から 'float' への変換です。データが失われる可能性があります。
D:\kadai\AsoBase\BaseProject\AsoBase\AsoBase\SceneManager.cpp(34,16): warning C4244: '初期化中': 'ULONGLONG' から 'float' への変換です。データが失われる可能性があります。
  Stage.cpp
D:\kadai\AsoBase\BaseProject\AsoBase\AsoBase\Utility.h(11,2): warning C4091: 'static ': 変数が何も宣言されていないときは、'Utility' の左辺を無視します。
  Storage.cpp
  TestPlayer.cpp
  TimeLimit.cpp
D:\kadai\AsoBase\BaseProject\AsoBase\AsoBase\TimeLimit.cpp(37,40): warning C4244: '引数': 'float' から 'int' への変換です。データが失われる可能性があります。
  TitleScene.cpp
  Unit.cpp
  Utility.cpp
D:\kadai\AsoBase\BaseProject\AsoBase\AsoBase\Utility.h(11,2): warning C4091: 'static ': 変数が何も宣言されていないときは、'Utility' の左辺を無視します。
  Vector2.cpp
D:\kadai\AsoBase\BaseProject\AsoBase\AsoBase\Vector2.cpp(21,32): warning C4244: '+=': 'float' から 'int' への変換です。データが失われる可能性があります。
D:\kadai\AsoBase\BaseProject\AsoBase\AsoBase\Vector2.cpp(22,32): warning C4244: '+=': 'float' から 'int' への変換です。データが失われる可能性があります。
  _DebugConOut.cpp
  コードを生成中...
  コンパイル中...
  _DebugDispOut.cpp
  コードを生成中...
  BaseProject.vcxproj -> D:\kadai\AsoBase\BaseProject\AsoBase\AsoBase\x64\Debug\BaseProject.exe
